<?xml version="1.0" encoding="UTF-8"?>
<testsuite name="com.phonebook.tests.HeaderTests" tests="1" skipped="0" failures="0" errors="0" timestamp="2023-07-04T11:51:10" hostname="DESKTOP-3GCK6CC" time="0.025">
  <properties/>
  <testcase name="homeLinkPresentTest" classname="com.phonebook.tests.HeaderTests" time="0.025"/>
  <system-out><![CDATA[13:51:10.296 [Test worker] INFO  com.phonebook.tests.TestBase -- Start testhomeLinkPresentTest with data: []
13:51:10.323 [Test worker] INFO  com.phonebook.tests.TestBase -- PASSED: homeLinkPresentTest
13:51:10.323 [Test worker] INFO  com.phonebook.tests.TestBase -- Stop test
13:51:10.324 [Test worker] INFO  com.phonebook.tests.TestBase -- ==========================
]]></system-out>
  <system-err><![CDATA[]]></system-err>
</testsuite>
